\BOOKMARK [0][-]{chapter*.2}{\376\377\000\332\000v\000o\000d}{}% 1
\BOOKMARK [0][-]{chapter.1}{\376\377\000S\000l\000u\000n\000c\000e}{}% 2
\BOOKMARK [1][-]{section.1.1}{\376\377\000P\000r\000o\001\015\000\040\000h\000o\000\040\000z\000k\000o\000u\000m\000\341\000m\000e\000?}{chapter.1}% 3
\BOOKMARK [1][-]{section.1.2}{\376\377\000S\000t\000a\000v\000b\000a\000\040\000S\000l\000u\000n\000c\000e}{chapter.1}% 4
\BOOKMARK [1][-]{section.1.3}{\376\377\000M\000a\000g\000n\000e\000t\000i\000c\000k\000\351\000\040\000p\000o\000l\000e\000\040\000S\000l\000u\000n\000c\000e}{chapter.1}% 5
\BOOKMARK [0][-]{chapter.2}{\376\377\000S\000l\000u\000n\000e\001\015\000n\000\355\000\040\000s\000k\000v\000r\000n\000y}{}% 6
\BOOKMARK [1][-]{section.2.1}{\376\377\000V\000z\000n\000i\000k\000\040\000s\000l\000u\000n\000e\001\015\000n\000\355\000c\000h\000\040\000s\000k\000v\000r\000n}{chapter.2}% 7
\BOOKMARK [1][-]{section.2.2}{\376\377\000S\000t\000r\000u\000k\000t\000u\000r\000a\000\040\000s\000l\000u\000n\000e\001\015\000n\000\355\000c\000h\000\040\000s\000k\000v\000r\000n}{chapter.2}% 8
\BOOKMARK [2][-]{subsection.2.2.1}{\376\377\000W\000i\000l\000s\000o\000n\000o\000v\000a\000\040\000d\000e\000p\000r\000e\000s\000e}{section.2.2}% 9
\BOOKMARK [2][-]{subsection.2.2.2}{\376\377\000J\000e\000m\000n\000\341\000\040\000s\000t\000r\000u\000k\000t\000u\000r\000a}{section.2.2}% 10
\BOOKMARK [1][-]{section.2.3}{\376\377\000T\000e\000o\000r\000e\000t\000i\000c\000k\000\351\000\040\000m\000o\000d\000e\000l\000y\000\040\000s\000l\000u\000n\000e\001\015\000n\000\355\000c\000h\000\040\000s\000k\000v\000r\000n}{chapter.2}% 11
\BOOKMARK [2][-]{subsection.2.3.1}{\376\377\000S\000e\000l\000f\000-\000s\000i\000m\000i\000l\000a\000r\000\040\000m\000o\000d\000e\000l\000y}{section.2.3}% 12
\BOOKMARK [0][-]{chapter.3}{\376\377\000D\000y\000n\000a\000m\000i\000c\000k\000\341\000\040\000d\000i\000s\000k\000o\000n\000e\000x\000e}{}% 13
\BOOKMARK [1][-]{section.3.1}{\376\377\000M\000o\000d\000e\000l\000\040\000d\000y\000n\000a\000m\000i\000c\000k\000\351\000\040\000d\000i\000s\000k\000o\000n\000e\000x\000e\000\040\000a\000\040\000m\000o\000d\000e\000l\000\040\000k\000o\000n\000v\000e\000k\000c\000e}{chapter.3}% 14
\BOOKMARK [2][-]{subsection.3.1.1}{\376\377\000M\000o\000d\000e\000l\000\040\000k\000o\000n\000v\000e\000k\000c\000e}{section.3.1}% 15
\BOOKMARK [2][-]{subsection.3.1.2}{\376\377\000M\000a\000g\000n\000e\000t\000o\000h\000y\000d\000r\000o\000s\000t\000a\000t\000i\000c\000k\000\341\000\040\000r\000o\000v\000n\000o\000v\000\341\000h\000a}{section.3.1}% 16
\BOOKMARK [2][-]{subsection.3.1.3}{\376\377\001\014\000a\000s\000o\000v\000\375\000\040\000v\000\375\000v\000o\000j}{section.3.1}% 17
\BOOKMARK [0][-]{chapter.4}{\376\377\000S\000i\000m\000u\000l\000a\000c\000e\000\040\000d\000y\000n\000a\000m\000i\000c\000k\000\351\000\040\000d\000i\000s\000k\000o\000n\000e\000x\000e}{}% 18
\BOOKMARK [1][-]{section.4.1}{\376\377\000M\000o\000d\000e\000l\000\040\000k\000l\000i\000d\000n\000\351\000h\000o\000\040\000S\000l\000u\000n\000c\000e}{chapter.4}% 19
\BOOKMARK [2][-]{subsection.4.1.1}{\376\377\000R\000o\000v\000n\000i\000c\000e\000\040\000p\001\131\000e\000n\000o\000s\000u\000\040\000e\000n\000e\000r\000g\000i\000e}{section.4.1}% 20
\BOOKMARK [0][-]{chapter*.3}{\376\377\000Z\000\341\000v\001\033\000r}{}% 21
\BOOKMARK [0][-]{chapter*.4}{\376\377\000S\000e\000z\000n\000a\000m\000\040\000p\000o\000u\001\176\000i\000t\000\351\000\040\000l\000i\000t\000e\000r\000a\000t\000u\000r\000y}{}% 22
\BOOKMARK [0][-]{chapter*.5}{\376\377\000S\000e\000z\000n\000a\000m\000\040\000t\000a\000b\000u\000l\000e\000k}{}% 23
\BOOKMARK [0][-]{chapter*.6}{\376\377\000S\000e\000z\000n\000a\000m\000\040\000p\000o\000u\001\176\000i\000t\000\375\000c\000h\000\040\000z\000k\000r\000a\000t\000e\000k}{}% 24
\BOOKMARK [0][-]{chapter*.7}{\376\377\000P\001\131\000\355\000l\000o\000h\000y}{}% 25
